SF:lib\models\section.dart
DA:7,1
DA:9,1
DA:10,1
DA:11,2
DA:12,2
DA:16,0
DA:17,0
DA:18,0
LF:8
LH:5
end_of_record
SF:lib\models\schedule_class.dart
DA:16,1
DA:30,1
DA:31,1
DA:32,2
DA:33,2
DA:34,4
DA:35,3
DA:36,3
DA:37,2
DA:38,3
DA:39,2
DA:40,2
DA:41,3
DA:42,2
DA:43,1
DA:44,2
DA:49,0
DA:50,0
DA:51,0
DA:52,0
DA:53,0
DA:55,0
DA:57,0
DA:59,0
DA:61,0
DA:63,0
DA:65,0
DA:72,0
DA:73,0
DA:74,0
DA:75,0
DA:76,0
DA:77,0
DA:78,0
DA:79,0
DA:80,0
DA:81,0
DA:82,0
DA:83,0
LF:39
LH:16
end_of_record
SF:lib\screens\add_class_page.dart
DA:10,1
DA:11,4
DA:12,4
DA:13,1
DA:18,0
DA:20,0
DA:21,0
DA:34,0
DA:36,0
DA:37,0
DA:38,0
DA:39,0
DA:42,0
DA:43,0
DA:44,0
DA:47,0
DA:48,0
DA:49,0
DA:52,0
DA:53,0
DA:55,0
DA:56,0
DA:57,0
DA:58,0
DA:66,0
DA:67,0
DA:68,0
DA:69,0
DA:70,0
DA:71,0
DA:73,0
DA:76,0
DA:77,0
DA:78,0
DA:80,0
DA:81,0
DA:82,0
DA:87,0
DA:89,0
DA:91,0
DA:98,0
DA:99,0
DA:101,0
DA:102,0
DA:104,0
DA:105,0
DA:106,0
DA:108,0
DA:129,0
DA:131,0
DA:133,0
DA:134,0
DA:136,0
DA:137,0
DA:139,0
DA:140,0
DA:146,0
DA:152,0
DA:153,0
DA:167,0
DA:177,0
DA:178,0
DA:179,0
DA:180,0
DA:181,0
DA:182,0
DA:188,0
DA:193,0
DA:194,0
DA:195,0
DA:196,0
DA:202,0
DA:211,0
DA:212,0
DA:222,0
DA:223,0
DA:237,0
DA:239,0
DA:240,0
DA:245,0
DA:253,0
DA:255,0
DA:256,0
DA:261,0
LF:84
LH:4
end_of_record
SF:lib\services\schedule_api.dart
DA:17,4
DA:31,2
DA:44,2
DA:45,2
DA:46,2
DA:47,2
DA:48,2
DA:49,2
DA:50,2
DA:51,2
DA:52,2
DA:53,2
DA:54,1
DA:55,1
DA:59,2
DA:60,2
DA:61,4
DA:62,2
DA:63,2
DA:64,4
DA:65,2
DA:66,2
DA:67,8
DA:68,2
DA:69,2
DA:70,4
DA:71,2
DA:72,0
DA:77,2
DA:78,2
DA:80,4
DA:84,2
DA:85,2
DA:86,2
DA:87,2
DA:88,2
DA:89,2
DA:90,2
DA:91,2
DA:92,2
DA:93,2
DA:94,2
DA:95,2
DA:96,2
DA:100,0
DA:101,0
DA:102,0
DA:103,0
DA:104,0
DA:106,0
DA:108,0
DA:110,0
DA:112,0
DA:114,0
DA:116,0
DA:131,4
DA:133,0
DA:135,0
DA:136,0
DA:138,0
DA:139,0
DA:140,0
DA:141,0
DA:142,0
DA:143,0
DA:146,1
DA:147,1
DA:151,2
DA:152,1
DA:155,1
DA:157,1
DA:158,1
DA:161,0
DA:162,0
DA:164,0
DA:167,0
DA:170,0
DA:172,0
DA:175,0
DA:176,0
DA:178,0
DA:179,0
DA:180,0
DA:181,0
DA:182,0
DA:183,0
DA:186,0
DA:187,0
DA:188,0
DA:190,0
DA:191,0
DA:192,0
DA:193,0
DA:195,0
DA:196,0
DA:197,0
DA:198,0
DA:199,0
DA:204,0
DA:205,0
DA:206,0
DA:207,0
DA:211,0
DA:212,0
DA:213,0
DA:214,0
DA:215,0
DA:216,0
DA:219,0
DA:220,0
DA:221,0
DA:223,0
DA:224,0
DA:225,0
DA:226,0
DA:231,0
DA:232,0
DA:233,0
DA:236,0
DA:237,0
DA:239,0
DA:244,0
DA:247,0
DA:248,0
DA:250,0
DA:251,0
DA:252,0
DA:253,0
DA:254,0
DA:255,0
DA:258,0
DA:266,0
DA:269,0
DA:271,0
DA:279,0
DA:282,0
DA:291,0
DA:294,0
DA:295,0
DA:296,0
DA:297,0
DA:304,0
DA:305,0
DA:306,0
DA:309,0
DA:310,0
DA:312,0
DA:313,0
DA:314,0
DA:315,0
DA:316,0
DA:317,0
DA:320,0
DA:321,0
DA:324,0
DA:325,0
DA:326,0
DA:327,0
DA:330,2
DA:336,0
DA:338,0
DA:342,2
DA:347,0
DA:352,1
DA:355,2
DA:356,2
LF:166
LH:56
end_of_record
SF:lib\services\notif_scheduler.dart
DA:14,2
DA:15,2
DA:17,1
DA:18,1
DA:19,1
DA:20,1
DA:21,1
DA:23,0
DA:27,1
DA:31,0
DA:33,0
DA:37,0
DA:38,0
DA:42,0
DA:43,0
DA:45,0
DA:49,0
DA:53,0
DA:54,0
DA:55,0
DA:59,0
DA:60,0
DA:67,0
DA:70,0
DA:71,0
DA:73,0
DA:74,0
DA:75,0
DA:76,0
DA:77,0
DA:78,0
DA:79,0
DA:82,0
DA:86,0
DA:89,1
DA:95,1
DA:97,1
DA:98,1
DA:99,0
DA:102,1
DA:104,1
DA:105,1
DA:106,0
DA:109,1
DA:111,1
DA:112,0
DA:116,0
DA:117,1
DA:119,2
DA:120,2
DA:127,3
DA:128,2
DA:129,1
DA:132,1
DA:133,1
DA:134,1
DA:135,1
DA:138,1
DA:139,1
DA:141,1
DA:142,1
DA:143,1
DA:145,1
DA:146,1
DA:148,1
DA:149,2
DA:151,1
DA:154,0
DA:161,0
DA:162,0
DA:169,1
DA:176,1
DA:182,1
DA:183,2
DA:184,1
DA:185,1
DA:186,1
DA:187,1
DA:195,1
DA:196,1
DA:197,1
DA:198,1
DA:200,1
DA:203,1
DA:204,1
DA:206,5
DA:209,1
DA:214,1
DA:216,4
DA:220,0
DA:221,0
DA:225,1
DA:231,1
DA:232,2
DA:233,2
DA:234,1
DA:235,2
DA:237,2
DA:238,2
DA:239,1
DA:240,1
DA:241,1
DA:242,1
DA:243,2
DA:245,1
DA:246,1
DA:247,1
DA:249,1
DA:252,5
DA:253,1
DA:256,1
DA:262,2
DA:263,0
DA:265,1
DA:266,1
DA:267,1
DA:268,1
DA:269,1
DA:270,1
DA:271,2
DA:273,3
DA:274,1
DA:275,2
DA:276,2
DA:277,1
DA:278,0
DA:281,1
DA:282,1
DA:287,1
DA:288,1
DA:289,2
DA:290,2
DA:291,2
DA:293,1
DA:296,1
DA:297,4
DA:298,2
DA:299,0
DA:300,0
DA:304,1
DA:305,2
DA:306,3
DA:307,1
DA:308,1
DA:313,1
DA:314,1
DA:315,1
DA:316,2
DA:317,2
DA:318,2
DA:319,1
DA:320,1
DA:322,1
DA:323,1
DA:325,2
DA:326,2
DA:327,1
DA:330,3
DA:333,1
DA:334,2
DA:336,7
DA:337,3
DA:338,3
DA:339,2
DA:343,1
DA:344,3
DA:345,3
DA:346,3
DA:347,1
DA:350,1
DA:351,1
DA:353,2
DA:354,1
DA:359,4
DA:361,3
DA:363,0
DA:366,3
DA:367,2
DA:369,3
DA:370,3
DA:371,2
DA:372,4
DA:375,2
DA:379,3
DA:380,3
DA:381,4
DA:382,2
DA:386,3
DA:387,2
DA:390,3
DA:391,2
DA:396,0
DA:403,1
DA:415,1
DA:422,1
DA:438,0
LF:196
LH:154
end_of_record
SF:lib\utils\local_notifs.dart
DA:13,0
DA:15,0
DA:16,0
DA:47,1
DA:49,1
DA:57,0
DA:61,0
DA:66,1
DA:74,1
DA:75,1
DA:76,2
DA:79,1
DA:88,1
DA:89,1
DA:95,0
DA:97,0
DA:98,0
DA:114,0
DA:123,0
DA:124,0
DA:126,0
DA:130,0
DA:131,0
DA:137,0
DA:138,0
DA:139,0
DA:141,0
DA:144,0
DA:146,0
DA:148,0
DA:152,1
DA:154,1
DA:155,2
DA:156,1
DA:160,0
DA:162,0
DA:164,0
DA:169,0
DA:174,0
DA:175,0
DA:186,0
DA:189,0
DA:190,0
DA:196,0
DA:197,0
DA:199,0
DA:200,0
DA:202,0
DA:203,0
DA:209,1
DA:213,1
DA:214,1
DA:215,1
DA:217,1
DA:221,1
DA:225,1
DA:226,1
DA:227,2
DA:228,1
DA:229,1
DA:233,1
DA:237,1
DA:238,1
DA:239,1
DA:240,0
DA:241,0
DA:242,0
DA:244,0
DA:248,1
DA:249,1
DA:250,1
DA:251,2
DA:252,1
DA:253,1
DA:256,1
DA:257,1
DA:258,1
DA:260,1
DA:261,1
DA:262,0
DA:265,0
DA:266,0
DA:269,1
DA:270,0
DA:272,1
DA:273,0
DA:277,1
DA:280,1
DA:281,1
DA:283,1
DA:284,1
DA:285,2
DA:286,1
DA:289,3
DA:290,1
DA:291,1
DA:292,1
DA:293,1
DA:298,1
DA:302,1
DA:306,1
DA:307,2
DA:308,1
DA:309,3
DA:312,2
DA:315,2
DA:318,2
DA:319,2
DA:321,1
DA:322,1
DA:323,2
DA:324,1
DA:327,3
DA:328,1
DA:329,1
DA:330,1
DA:331,1
DA:336,0
DA:340,1
DA:344,1
DA:345,2
DA:346,1
DA:347,3
DA:350,2
DA:354,1
DA:355,1
DA:356,1
DA:357,1
DA:358,2
DA:359,2
DA:365,1
DA:366,1
DA:367,1
DA:370,4
DA:372,1
DA:373,1
DA:374,1
DA:376,1
DA:379,0
DA:381,0
DA:393,0
DA:402,2
LF:142
LH:93
end_of_record
SF:lib\main.dart
DA:22,0
DA:23,0
DA:24,0
DA:25,0
DA:26,0
DA:27,0
DA:29,0
DA:32,0
DA:33,0
DA:37,1
DA:39,1
DA:41,1
DA:44,1
DA:45,1
DA:47,1
DA:48,1
DA:49,3
DA:50,1
DA:51,1
DA:52,2
DA:56,1
DA:57,2
DA:59,1
DA:60,0
DA:61,0
DA:62,0
DA:69,1
DA:70,1
DA:71,1
DA:75,1
DA:77,1
DA:78,1
DA:81,1
DA:82,1
DA:83,0
DA:84,0
DA:87,0
DA:88,0
DA:93,0
DA:94,0
DA:95,0
DA:96,0
DA:100,1
DA:110,1
DA:111,0
DA:112,0
DA:125,0
DA:126,0
DA:127,0
DA:128,0
DA:129,0
DA:130,0
DA:132,0
DA:133,0
DA:138,0
DA:139,0
DA:140,0
DA:141,0
DA:144,0
DA:146,0
DA:147,0
DA:148,0
DA:152,0
DA:153,0
DA:154,0
DA:155,0
DA:161,0
DA:162,0
DA:163,0
DA:164,0
DA:165,0
DA:169,0
DA:171,0
DA:172,0
DA:173,0
DA:177,0
DA:178,0
DA:180,0
DA:204,0
DA:205,0
DA:207,0
DA:208,0
DA:209,0
DA:210,0
DA:211,0
DA:213,0
DA:215,0
DA:218,0
DA:219,0
DA:221,0
DA:222,0
DA:225,0
DA:233,0
DA:234,0
DA:235,0
DA:236,0
DA:260,0
DA:270,0
DA:272,0
DA:274,0
DA:275,0
DA:276,0
DA:277,0
DA:278,0
DA:279,0
DA:288,0
DA:289,0
DA:298,0
DA:300,0
DA:302,0
DA:303,0
DA:304,0
DA:305,0
DA:306,0
DA:307,0
DA:308,0
DA:309,0
DA:310,0
DA:311,0
DA:326,0
DA:340,0
DA:342,0
DA:343,0
DA:344,0
DA:345,0
DA:346,0
DA:348,0
DA:353,0
DA:355,0
DA:356,0
DA:357,0
DA:360,0
DA:362,0
DA:363,0
DA:364,0
DA:367,0
DA:372,0
DA:373,0
DA:382,0
DA:383,0
DA:393,0
DA:394,0
DA:397,0
DA:398,0
DA:401,0
DA:402,0
DA:405,0
DA:410,0
DA:414,0
LF:149
LH:24
end_of_record
SF:lib\env.dart
DA:7,1
DA:17,0
DA:19,0
DA:20,0
DA:21,0
DA:23,0
DA:27,0
DA:29,0
DA:33,0
DA:35,0
DA:37,0
DA:38,0
DA:40,0
DA:45,0
DA:49,0
DA:50,0
DA:52,0
DA:56,0
DA:58,0
DA:64,0
DA:66,0
LF:21
LH:1
end_of_record
SF:lib\services\telemetry_service.dart
DA:7,11
DA:9,33
DA:13,11
DA:16,7
DA:20,7
DA:24,7
LF:6
LH:6
end_of_record
SF:lib\services\analytics_service.dart
DA:6,1
DA:10,7
DA:13,14
LF:3
LH:3
end_of_record
SF:lib\ui\theme\app_theme.dart
DA:8,0
DA:10,6
DA:15,6
DA:20,0
DA:21,0
DA:23,3
DA:27,3
DA:30,3
DA:35,3
DA:37,3
DA:48,3
DA:49,6
DA:50,6
DA:51,6
DA:52,3
DA:53,3
DA:54,3
DA:57,6
DA:58,3
DA:60,3
DA:61,6
DA:63,3
DA:64,3
DA:68,6
DA:70,3
DA:71,6
DA:73,3
DA:75,6
DA:76,3
DA:77,6
DA:78,3
DA:80,3
DA:81,6
DA:82,6
DA:84,3
DA:85,3
DA:87,3
DA:88,3
DA:89,3
DA:90,3
DA:91,3
DA:92,3
DA:94,6
DA:95,3
DA:99,3
DA:100,3
DA:102,3
DA:103,3
DA:104,3
DA:105,3
DA:106,3
DA:108,6
DA:109,9
DA:112,3
DA:113,3
DA:114,3
DA:115,3
DA:116,3
DA:117,3
DA:118,3
DA:120,6
DA:123,3
DA:125,3
DA:126,3
DA:127,3
DA:128,3
DA:130,3
DA:131,3
DA:132,6
DA:134,3
DA:135,3
DA:136,6
DA:138,6
DA:139,3
DA:141,6
DA:142,6
DA:145,3
DA:146,3
DA:147,0
DA:148,0
DA:149,0
DA:151,6
DA:152,6
DA:154,3
DA:156,3
DA:157,6
DA:158,3
DA:161,6
DA:163,3
DA:164,3
DA:166,3
DA:167,9
DA:170,3
DA:171,3
DA:172,3
DA:173,3
DA:175,3
DA:176,3
DA:177,6
DA:182,3
DA:183,3
DA:184,6
DA:185,3
DA:187,6
DA:188,3
DA:190,6
DA:191,3
DA:193,6
DA:194,3
DA:196,6
DA:197,3
DA:199,6
DA:200,3
DA:202,6
DA:203,3
DA:205,6
DA:206,3
DA:208,6
DA:209,3
DA:214,3
DA:218,3
DA:220,3
DA:221,3
DA:222,3
DA:223,3
DA:224,3
DA:225,3
DA:226,3
DA:227,3
DA:228,3
DA:229,3
DA:230,3
DA:231,3
DA:232,3
DA:234,6
DA:235,3
DA:236,3
DA:237,3
DA:238,3
DA:239,3
DA:240,3
DA:241,3
DA:242,3
DA:243,3
DA:244,3
DA:245,3
DA:246,3
DA:247,6
DA:250,3
DA:251,3
DA:252,3
DA:253,3
LF:152
LH:146
end_of_record
SF:lib\ui\theme\motion.dart
DA:9,1
DA:14,1
DA:16,1
DA:18,1
DA:20,0
DA:22,0
DA:24,0
DA:26,0
DA:28,1
DA:29,1
DA:31,1
DA:32,1
DA:33,0
DA:34,1
DA:37,1
DA:38,2
LF:16
LH:11
end_of_record
SF:lib\screens\login_page.dart
DA:12,1
DA:13,2
DA:14,2
DA:27,2
DA:29,4
DA:30,4
DA:31,2
DA:34,1
DA:35,1
DA:36,1
DA:40,1
DA:41,1
DA:42,2
DA:46,1
DA:47,2
DA:48,3
DA:50,3
DA:52,3
DA:54,2
DA:55,4
DA:56,2
DA:58,0
DA:59,0
DA:61,1
DA:62,2
DA:63,3
DA:64,1
DA:65,0
DA:66,2
DA:67,0
DA:69,4
DA:72,4
DA:76,2
DA:85,2
DA:87,2
DA:88,2
DA:89,2
DA:91,2
DA:92,2
DA:93,2
DA:95,2
DA:97,2
DA:136,2
DA:137,2
DA:147,2
DA:151,2
DA:152,2
DA:153,2
DA:155,2
DA:159,2
DA:162,2
DA:163,2
DA:164,2
DA:169,0
DA:170,2
DA:174,2
DA:175,2
DA:176,2
DA:178,2
DA:181,2
DA:182,2
DA:184,2
DA:185,1
DA:186,4
DA:187,2
DA:191,2
DA:198,2
DA:200,2
DA:202,2
DA:203,1
DA:206,1
DA:207,1
DA:218,2
DA:220,2
DA:222,2
DA:224,2
DA:228,2
DA:230,2
DA:232,0
DA:233,0
DA:234,0
DA:235,0
DA:238,2
DA:239,2
DA:240,2
DA:245,2
DA:247,2
LF:87
LH:78
end_of_record
SF:lib\utils\nav.dart
DA:3,3
LF:1
LH:1
end_of_record
SF:lib\screens\about_page.dart
DA:4,1
DA:6,0
DA:9,0
DA:11,0
DA:12,0
DA:13,0
DA:14,0
DA:16,0
DA:18,0
DA:66,0
DA:67,0
DA:69,0
DA:83,1
DA:85,0
DA:87,0
DA:89,0
DA:91,0
DA:93,0
DA:94,0
DA:95,0
DA:99,0
DA:101,0
LF:22
LH:2
end_of_record
SF:lib\services\auth_service.dart
DA:26,0
DA:30,0
DA:32,0
DA:34,0
DA:35,0
DA:36,0
DA:40,0
DA:48,0
DA:49,0
DA:51,0
DA:53,0
DA:55,0
DA:56,0
DA:57,0
DA:61,0
DA:65,0
DA:70,0
DA:73,0
DA:74,0
DA:76,0
DA:78,0
DA:82,6
DA:83,18
DA:89,5
DA:91,5
DA:93,5
DA:96,5
DA:100,2
DA:104,3
DA:110,3
DA:116,0
DA:117,2
DA:119,0
DA:122,0
DA:123,0
DA:124,0
DA:126,0
DA:130,2
DA:132,1
DA:133,1
DA:136,0
DA:137,0
DA:138,0
DA:140,0
DA:141,0
DA:142,0
DA:143,0
DA:146,0
DA:147,0
DA:148,0
DA:153,5
DA:161,5
DA:163,5
DA:164,4
DA:165,4
DA:167,2
DA:172,5
DA:173,6
DA:175,3
DA:178,3
DA:183,5
DA:184,5
DA:189,2
DA:195,2
DA:197,6
DA:199,2
DA:201,6
DA:210,2
DA:214,4
DA:215,4
DA:216,0
DA:220,2
DA:222,4
DA:223,2
DA:224,2
DA:226,1
DA:229,1
DA:230,1
DA:232,0
DA:235,2
DA:236,1
DA:237,0
DA:239,1
DA:240,1
DA:242,1
DA:243,0
DA:245,1
DA:249,0
DA:250,0
DA:251,0
DA:252,0
DA:253,0
DA:255,0
DA:256,0
DA:257,0
DA:258,0
DA:259,0
DA:264,1
DA:265,1
DA:267,3
DA:271,2
DA:274,0
DA:279,0
DA:280,0
DA:281,0
DA:282,0
DA:287,0
DA:288,0
DA:289,0
DA:291,0
DA:297,0
DA:299,0
DA:301,0
DA:303,0
DA:304,0
DA:305,0
DA:306,0
DA:308,0
DA:312,0
DA:313,0
DA:314,0
DA:315,0
DA:319,0
DA:320,0
DA:321,0
DA:324,0
DA:327,0
DA:332,0
DA:333,0
DA:336,0
DA:337,0
DA:338,0
DA:341,0
DA:342,0
DA:346,0
DA:350,0
DA:352,0
DA:356,0
DA:359,0
DA:360,0
DA:363,0
DA:364,0
DA:365,0
DA:366,0
DA:367,0
DA:368,0
DA:372,0
DA:373,0
DA:376,0
DA:377,0
DA:381,0
DA:382,0
DA:384,0
DA:388,0
DA:391,0
DA:392,0
DA:393,0
DA:395,0
DA:398,0
DA:399,0
DA:400,0
DA:404,0
DA:406,0
DA:407,0
DA:408,0
DA:413,0
DA:415,0
DA:418,0
DA:424,0
DA:426,0
DA:428,0
DA:429,0
DA:433,0
DA:434,0
LF:174
LH:50
end_of_record
SF:lib\screens\register_page.dart
DA:15,1
DA:16,1
DA:17,1
DA:32,2
DA:34,1
DA:36,2
DA:37,2
DA:38,2
DA:39,2
DA:40,1
DA:43,1
DA:44,2
DA:48,1
DA:49,1
DA:50,2
DA:51,1
DA:52,1
DA:56,1
DA:57,1
DA:58,1
DA:62,1
DA:63,1
DA:64,2
DA:68,1
DA:69,2
DA:70,5
DA:73,3
DA:75,3
DA:77,2
DA:78,3
DA:79,4
DA:80,4
DA:81,2
DA:84,1
DA:86,3
DA:87,2
DA:88,1
DA:91,2
DA:93,3
DA:95,1
DA:96,1
DA:97,3
DA:98,1
DA:99,0
DA:100,0
DA:101,3
DA:102,0
DA:103,0
DA:105,0
DA:108,4
DA:112,1
DA:121,1
DA:123,1
DA:124,1
DA:125,0
DA:126,1
DA:127,1
DA:129,1
DA:130,1
DA:131,1
DA:133,1
DA:135,1
DA:174,1
DA:175,1
DA:176,2
DA:180,1
DA:184,1
DA:185,1
DA:186,1
DA:192,1
DA:193,0
DA:194,0
DA:197,1
DA:198,1
DA:199,2
DA:201,1
DA:202,1
DA:203,1
DA:204,1
DA:208,1
DA:212,1
DA:213,1
DA:214,1
DA:220,1
DA:221,0
DA:222,0
DA:225,1
DA:226,1
DA:227,2
DA:233,1
DA:237,1
DA:238,1
DA:239,1
DA:245,1
DA:246,0
DA:247,0
DA:250,1
DA:251,1
DA:252,2
DA:253,1
DA:258,0
DA:259,1
DA:263,1
DA:264,1
DA:265,1
DA:270,1
DA:272,1
DA:273,4
DA:274,1
DA:278,1
DA:284,1
DA:286,1
DA:288,1
DA:289,0
DA:291,0
DA:292,0
DA:303,1
DA:305,1
DA:307,1
DA:309,1
DA:313,1
DA:316,1
DA:317,1
DA:318,1
DA:319,1
LF:125
LH:109
end_of_record
SF:lib\screens\privacy_page.dart
DA:4,1
DA:6,0
DA:8,0
DA:9,0
LF:4
LH:1
end_of_record
SF:lib\utils\formatters.dart
DA:6,2
DA:12,8
DA:14,2
DA:18,6
DA:19,2
DA:21,8
DA:23,6
DA:24,2
DA:25,2
DA:26,2
DA:28,2
DA:30,4
DA:32,4
DA:39,4
DA:40,2
DA:41,2
DA:44,2
DA:45,2
DA:47,4
DA:54,1
DA:55,1
DA:59,1
DA:60,1
DA:61,1
DA:62,1
DA:63,1
DA:64,1
DA:65,1
DA:68,1
DA:69,1
DA:71,1
DA:73,2
DA:74,1
DA:77,1
DA:78,2
DA:83,3
DA:84,1
DA:85,1
DA:86,4
LF:39
LH:39
end_of_record
SF:lib\screens\scan_preview_page.dart
DA:12,0
DA:14,0
DA:16,0
DA:18,0
DA:19,0
DA:26,0
DA:27,0
DA:28,0
DA:30,0
DA:33,0
DA:52,0
DA:53,0
DA:54,0
DA:64,0
DA:66,0
DA:67,0
DA:72,0
DA:73,0
DA:75,0
DA:76,0
DA:90,0
DA:92,0
DA:93,0
DA:98,0
LF:24
LH:0
end_of_record
SF:lib\screens\scan_running_page.dart
DA:19,0
DA:22,0
DA:23,0
DA:31,0
DA:33,0
DA:34,0
DA:37,0
DA:39,0
DA:40,0
DA:43,0
DA:44,0
DA:45,0
DA:46,0
DA:47,0
DA:52,0
DA:53,0
DA:54,0
DA:56,0
DA:57,0
DA:58,0
DA:60,0
DA:62,0
DA:65,0
DA:67,0
DA:70,0
DA:72,0
DA:73,0
DA:74,0
DA:75,0
DA:76,0
DA:77,0
DA:78,0
DA:79,0
DA:84,0
DA:85,0
DA:87,0
DA:91,0
DA:92,0
DA:94,0
DA:95,0
DA:96,0
DA:97,0
DA:98,0
DA:99,0
DA:100,0
DA:103,0
DA:104,0
DA:105,0
DA:106,0
DA:107,0
DA:108,0
DA:109,0
DA:114,0
DA:115,0
DA:116,0
DA:117,0
DA:119,0
DA:120,0
DA:121,0
DA:123,0
DA:124,0
DA:125,0
DA:128,0
DA:130,0
DA:132,0
DA:133,0
DA:140,0
DA:141,0
DA:142,0
DA:144,0
DA:147,0
DA:167,0
DA:169,0
DA:170,0
DA:171,0
DA:172,0
DA:176,0
DA:180,0
DA:182,0
DA:183,0
DA:184,0
DA:185,0
DA:199,0
DA:201,0
DA:203,0
DA:205,0
DA:206,0
DA:208,0
DA:209,0
DA:213,0
DA:214,0
DA:215,0
DA:227,0
DA:229,0
DA:231,0
DA:232,0
DA:237,0
LF:97
LH:0
end_of_record
SF:lib\utils\errors.dart
DA:3,1
DA:4,1
DA:5,2
DA:8,1
DA:9,2
LF:5
LH:5
end_of_record
SF:lib\screens\schedules_preview_page.dart
DA:14,0
DA:21,0
DA:22,0
DA:33,0
DA:35,0
DA:36,0
DA:37,0
DA:38,0
DA:39,0
DA:43,0
DA:52,0
DA:54,0
DA:55,0
DA:56,0
DA:57,0
DA:60,0
DA:62,0
DA:63,0
DA:64,0
DA:65,0
DA:66,0
DA:67,0
DA:69,0
DA:71,0
DA:72,0
DA:74,0
DA:76,0
DA:80,0
DA:82,0
DA:83,0
DA:84,0
DA:86,0
DA:87,0
DA:94,0
DA:95,0
DA:97,0
DA:108,0
DA:109,0
DA:113,0
DA:114,0
DA:116,0
DA:118,0
DA:119,0
DA:126,0
DA:127,0
DA:129,0
DA:130,0
DA:137,0
DA:138,0
DA:139,0
DA:140,0
DA:141,0
DA:143,0
DA:144,0
DA:145,0
DA:146,0
DA:147,0
DA:148,0
DA:149,0
DA:150,0
DA:155,0
DA:156,0
DA:157,0
DA:159,0
DA:161,0
DA:163,0
DA:164,0
DA:169,0
DA:170,0
DA:171,0
DA:177,0
DA:178,0
DA:180,0
DA:181,0
DA:186,0
DA:200,0
DA:202,0
DA:203,0
DA:204,0
DA:205,0
DA:220,0
DA:229,0
DA:231,0
DA:232,0
DA:233,0
DA:234,0
DA:235,0
DA:237,0
DA:239,0
DA:241,0
DA:242,0
DA:244,0
DA:246,0
DA:247,0
DA:250,0
DA:251,0
LF:96
LH:0
end_of_record
SF:lib\services\offline_cache_service.dart
DA:8,3
DA:16,3
DA:18,3
DA:19,3
DA:23,3
DA:27,3
DA:28,10
DA:29,9
DA:32,2
DA:33,4
DA:36,2
DA:38,2
DA:39,2
DA:40,2
DA:41,1
DA:46,3
LF:16
LH:16
end_of_record
SF:lib\services\scan_service.dart
DA:7,0
DA:9,0
DA:10,0
DA:11,0
DA:12,0
DA:13,0
DA:14,0
DA:15,0
DA:16,0
DA:17,0
DA:21,0
DA:22,0
DA:23,0
DA:24,0
DA:26,0
DA:27,0
DA:28,0
DA:30,0
DA:31,0
DA:32,0
DA:35,0
DA:36,0
DA:37,0
DA:38,0
DA:39,0
DA:40,0
DA:41,0
DA:42,0
DA:43,0
DA:47,0
DA:48,0
DA:49,0
DA:50,0
DA:51,0
DA:52,0
DA:53,0
DA:55,0
DA:56,0
DA:57,0
LF:39
LH:0
end_of_record
SF:lib\ui\kit\buttons.dart
DA:11,5
DA:24,5
DA:26,5
DA:27,5
DA:28,5
DA:31,5
DA:32,5
DA:34,4
DA:35,4
DA:36,4
DA:38,8
DA:40,8
DA:42,5
DA:44,5
DA:45,5
DA:46,5
DA:48,5
DA:49,10
DA:54,5
DA:55,5
DA:60,4
DA:73,4
DA:75,8
DA:76,4
DA:77,4
DA:78,4
DA:79,4
DA:82,4
DA:83,4
DA:85,2
DA:86,2
DA:87,2
DA:89,4
DA:91,4
DA:93,4
DA:95,12
DA:96,4
DA:97,4
DA:98,4
DA:100,4
DA:101,8
DA:106,4
DA:107,3
DA:111,4
DA:112,4
DA:113,4
DA:115,4
DA:120,0
DA:133,0
DA:135,0
DA:136,0
DA:138,0
DA:139,0
DA:140,0
DA:141,0
DA:142,0
DA:143,0
DA:145,0
DA:148,0
DA:151,0
DA:152,0
DA:153,0
DA:154,0
DA:155,0
DA:156,0
DA:164,0
DA:165,0
DA:167,0
DA:168,0
DA:170,0
DA:172,0
DA:178,0
DA:179,0
DA:184,6
DA:194,6
DA:196,6
DA:197,6
DA:200,30
DA:203,6
DA:205,2
DA:208,2
DA:209,2
DA:210,4
DA:211,2
DA:213,2
DA:216,2
LF:86
LH:60
end_of_record
SF:lib\ui\theme\tokens.dart
DA:5,0
DA:69,1
DA:90,1
DA:102,4
DA:103,7
DA:105,7
DA:106,0
DA:112,0
DA:116,1
DA:123,0
DA:124,0
DA:128,1
DA:132,3
DA:137,3
DA:142,3
DA:147,3
DA:152,3
DA:157,3
DA:162,3
DA:167,7
DA:176,1
LF:21
LH:16
end_of_record
SF:lib\ui\kit\containers.dart
DA:7,3
DA:22,3
DA:24,3
DA:25,9
DA:26,3
DA:27,3
DA:28,3
DA:30,0
DA:31,0
DA:33,0
DA:35,0
DA:37,3
DA:38,3
DA:40,7
DA:41,3
DA:46,3
DA:47,0
DA:52,0
DA:69,0
DA:71,0
DA:72,0
DA:74,0
DA:75,0
DA:76,0
DA:78,0
DA:80,0
DA:81,0
DA:82,0
DA:84,0
DA:85,0
DA:86,0
DA:87,0
DA:88,0
DA:90,0
DA:91,0
DA:92,0
DA:93,0
DA:95,0
DA:96,0
DA:97,0
DA:103,0
DA:108,0
DA:109,0
DA:110,0
DA:111,0
DA:113,0
DA:115,0
DA:116,0
DA:117,0
DA:123,0
DA:124,0
DA:125,0
DA:126,0
DA:127,0
DA:128,0
DA:135,0
DA:139,0
DA:141,0
DA:142,0
DA:144,0
DA:145,0
LF:61
LH:12
end_of_record
SF:lib\ui\kit\states.dart
DA:9,1
DA:24,2
DA:26,2
DA:27,2
DA:29,2
DA:31,8
DA:34,2
DA:35,2
DA:36,2
DA:37,2
DA:38,2
DA:39,2
DA:41,0
DA:42,0
DA:43,0
DA:45,0
DA:46,0
DA:48,0
DA:50,0
DA:58,2
DA:73,2
DA:75,4
DA:77,2
DA:79,8
DA:82,2
DA:83,2
DA:84,2
DA:85,2
DA:86,2
DA:87,2
DA:89,2
DA:90,2
DA:91,2
DA:92,2
DA:94,4
DA:96,4
DA:104,2
DA:115,2
DA:117,4
DA:119,2
DA:121,2
DA:122,2
DA:123,2
DA:124,2
DA:126,4
DA:127,2
DA:129,2
DA:130,6
DA:131,4
DA:132,2
DA:133,2
DA:134,2
DA:135,2
DA:136,2
DA:137,2
DA:138,4
DA:141,3
DA:142,2
DA:143,1
DA:153,3
DA:167,3
DA:169,3
DA:170,3
DA:171,3
DA:173,3
DA:175,3
DA:176,3
DA:179,3
DA:180,6
DA:181,3
DA:183,9
DA:185,6
DA:186,3
DA:187,3
DA:188,6
DA:191,6
DA:192,3
DA:193,3
DA:194,3
DA:196,3
DA:197,3
DA:198,6
DA:202,5
DA:203,4
DA:204,2
LF:85
LH:78
end_of_record
SF:lib\ui\kit\layout.dart
DA:8,6
DA:29,6
DA:30,6
DA:36,6
DA:38,6
DA:39,6
DA:40,6
DA:41,6
DA:43,18
DA:48,6
DA:50,12
DA:51,12
DA:52,6
DA:56,30
DA:60,6
DA:62,6
DA:63,6
DA:64,6
DA:65,6
DA:70,6
DA:72,30
DA:73,12
DA:74,12
DA:75,12
DA:82,1
DA:97,2
DA:100,2
DA:102,2
DA:103,6
DA:104,2
DA:105,2
DA:106,2
DA:107,2
LF:33
LH:33
end_of_record
SF:lib\services\export_queue.dart
DA:5,1
DA:11,3
DA:13,1
DA:14,1
DA:15,1
DA:17,2
DA:18,2
DA:19,2
DA:21,1
DA:22,2
DA:28,1
DA:32,3
LF:12
LH:12
end_of_record
SF:lib\services\calendar_sync_service.dart
DA:7,1
DA:8,3
DA:10,1
DA:13,2
DA:15,1
DA:16,2
DA:17,1
DA:18,2
DA:20,1
DA:24,1
DA:25,1
DA:26,2
DA:27,2
DA:29,2
DA:33,1
DA:37,1
DA:38,1
LF:17
LH:17
end_of_record
